Microsoft (R) Macro Assembler Version 14.00.24210.0	    09/01/17 00:34:53
ShowParams.asm						     Page 1 - 1


				INCLUDE IRVINE32.INC
			      C ; Include file for Irvine32.lib             (Irvine32.inc)
			      C 
			      C ;OPTION CASEMAP:NONE		; optional: make identifiers case-sensitive
			      C 
			      C INCLUDE SmallWin.inc		; MS-Windows prototypes, structures, and constants
			      C .NOLIST
			      C .LIST
			      C 
			      C INCLUDE VirtualKeys.inc
			      C ; VirtualKeys.inc
			      C .NOLIST
			      C .LIST
			      C 
			      C 
			      C .NOLIST
			      C .LIST
			      C 

				ExitProcess proto, dwExitCode:dword

				MySample Proto,								;Prototype for MySample procedure		
					first:DWORD,							;First parameter
					second:DWORD,							;Second parameter
					third:DWORD								;Third parameter

				ShowParams Proto,							;Prototype for ShowParams
					numParams:DWORD							;Number of parameters

 00000000			.code										;Beginning of code
 00000000			main PROC									;Begin main procedure

				INVOKE MySample, 1234h, 5000h, 6543h		;Three parameters to be displayed
 00000000  68 00006543	   *	    push   +000006543h
 00000005  68 00005000	   *	    push   +000005000h
 0000000A  68 00001234	   *	    push   +000001234h
 0000000F  E8 00000007	   *	    call   MySample

				INVOKE EXITPROCESS, 0
 00000014  6A 00	   *	    push   +000000000h
 00000016  E8 00000000 E   *	    call   ExitProcess
 0000001B			main endp									;End main
				;-----------------------------------------
				;MySample
				;
				;Sample program to call ShowParams
				;
				;Receives: Three parameters
				;Returns:  NA
				;-----------------------------------------
 0000001B			MySample Proc,								;Begin proc
					first:DWORD,							;First parameter
					second:DWORD,							;Second parameter
					third:DWORD								;Third parameter

 = 00000003			paramCount = 3								;Number of parameters passed
 0000001B  55		   *	    push   ebp
 0000001C  8B EC	   *	    mov    ebp, esp
				INVOKE ShowParams, paramCount				;Calling ShowParams
 0000001E  6A 03	   *	    push   +000000003h
 00000020  E8 00000004	   *	    call   ShowParams

					ret										;Return to main
 00000025  C9		   *	    leave  
 00000026  C2 000C	   *	    ret    0000Ch
 00000029			Mysample EndP								;End proc
ShowParams.asm(37) : warning A6004:procedure argument or local not referenced : first
ShowParams.asm(37) : warning A6004:procedure argument or local not referenced : second
ShowParams.asm(37) : warning A6004:procedure argument or local not referenced : third
				;-----------------------------------------
				;ShowParams
				;
				;Displays address and contents of function
				;that called it
				;
				;Receives: Number of parameters
				;Returns:  NA
				;-----------------------------------------
 00000029			ShowParams Proc,							
					numParams:DWORD
				LOCAL prompt1[18]:BYTE,						;Local variable for heading
					prompt2[9]: BYTE						;Local variable for address prompt

 00000029  55		   *	    push   ebp
 0000002A  8B EC	   *	    mov    ebp, esp
 0000002C  83 C4 E4	   *	    add    esp, 0FFFFFFE4h
 0000002F  8D 55 EE		lea edx, prompt1							;Loads effective address of heading
 00000032  C7 02 63617453	mov dword ptr [edx], "catS"					;Assigning values to prompt
 00000038  C7 42 04		mov dword ptr [edx + 4], "ap k"				;must be in reverse order due to
	   6170206B
 0000003F  C7 42 08		mov dword ptr [edx + 8], "emar"				;little endian order
	   656D6172
 00000046  C7 42 0C		mov dword ptr [edx + 12], "sret"			;Can only assign 4 chars at a time
	   73726574
 0000004D  66| C7 42 10		mov word ptr [edx + 16], ':'				;"                               "		
	   003A
 00000053  E8 00000000 E	call WriteString							;Displays edx offset, heading
 00000058  E8 00000000 E	call crlf									;New line

 0000005D  B9 0000001B		mov ecx, 27									;Sets loop counter for underline
 00000062  B0 2D		mov al, 45									;Sets al to ASCII value of hyphen
 00000064			L2:											;Start loop
 00000064  E8 00000000 E		call WriteChar							;Display al
 00000069  E2 F9			loop L2									;Dec ecx, check if 0, if not loop
 0000006B  E8 00000000 E	call crlf									;New line

 00000070  8D 75 E5		lea esi, prompt2							;Loads address of second prompt
 00000073  C7 02 72646441	mov dword ptr [edx], "rddA"					;Same rules as prompt1
 00000079  C7 42 04		mov dword ptr [edx + 4], " sse"				;"                   "
	   20737365
 00000080  C6 42 08 00		mov byte ptr [edx + 8], 0					;Null character to stop displaying

 00000084  8B 4D 08		mov ecx, numParams							;Sets loop counter to num of params

 00000087			L1:											;Beginning of loop
 00000087  E8 00000000 E		call WriteString						;Display "Address"
 0000008C  8D 45 14			lea eax, [ebp + 20]						;Loads address of first parameter
 0000008F  E8 00000000 E		call Writehex							;Displays address in hex
 00000094  B0 20			mov al, 32								;ASCII character of space
 00000096  E8 00000000 E		call WriteChar							;Displays spaces
 0000009B  B0 3D			mov al, 61								;ASCII character for =
 0000009D  E8 00000000 E		call WriteChar							;Displays equal sign
 000000A2  B0 20			mov al, 32								;ASCII character of space
 000000A4  E8 00000000 E		call WriteChar							;Displays space
 000000A9  8B 45 14			mov eax, [ebp + 20]						;Moves value of first param in eax
 000000AC  E8 00000000 E		call WriteHex							;Displays value in hex
 000000B1  E8 00000000 E		call crlf								;New line
 000000B6  83 C5 04			add ebp, 4								;Moves into next parameter
 000000B9  E2 CC			loop L1									;Dec ecx, check if 0, if not loop

				ret											;Return to value after call
 000000BB  C9		   *	    leave  
 000000BC  C2 0004	   *	    ret    00004h
 000000BF			ShowParams Endp								;End of showParams
				end main									;End program
Microsoft (R) Macro Assembler Version 14.00.24210.0	    09/01/17 00:34:53
ShowParams.asm						     Symbols 2 - 1




Structures and Unions:

                N a m e                  Size
                                         Offset      Type

CONSOLE_CURSOR_INFO  . . . . . .	 00000008
  dwSize . . . . . . . . . . . .	 00000000	 DWord
  bVisible . . . . . . . . . . .	 00000004	 DWord
CONSOLE_SCREEN_BUFFER_INFO . . .	 00000016
  dwSize . . . . . . . . . . . .	 00000000	 DWord
  dwCursorPosition . . . . . . .	 00000004	 DWord
  wAttributes  . . . . . . . . .	 00000008	 Word
  srWindow . . . . . . . . . . .	 0000000A	 QWord
  dwMaximumWindowSize  . . . . .	 00000012	 DWord
COORD  . . . . . . . . . . . . .	 00000004
  X  . . . . . . . . . . . . . .	 00000000	 Word
  Y  . . . . . . . . . . . . . .	 00000002	 Word
FILETIME . . . . . . . . . . . .	 00000008
  loDateTime . . . . . . . . . .	 00000000	 DWord
  hiDateTime . . . . . . . . . .	 00000004	 DWord
FOCUS_EVENT_RECORD . . . . . . .	 00000004
  bSetFocus  . . . . . . . . . .	 00000000	 DWord
FPU_ENVIRON  . . . . . . . . . .	 0000001C
  controlWord  . . . . . . . . .	 00000000	 Word
  statusWord . . . . . . . . . .	 00000004	 Word
  tagWord  . . . . . . . . . . .	 00000008	 Word
  instrPointerOffset . . . . . .	 0000000C	 DWord
  instrPointerSelector . . . . .	 00000010	 DWord
  operandPointerOffset . . . . .	 00000014	 DWord
  operandPointerSelector . . . .	 00000018	 Word
INPUT_RECORD . . . . . . . . . .	 00000014
  EventType  . . . . . . . . . .	 00000000	 Word
  Event  . . . . . . . . . . . .	 00000004	 XmmWord
  bKeyDown . . . . . . . . . . .	 00000000	 DWord
  wRepeatCount . . . . . . . . .	 00000004	 Word
  wVirtualKeyCode  . . . . . . .	 00000006	 Word
  wVirtualScanCode . . . . . . .	 00000008	 Word
  uChar  . . . . . . . . . . . .	 0000000A	 Word
  UnicodeChar  . . . . . . . . .	 00000000	 Word
  AsciiChar  . . . . . . . . . .	 00000000	 Byte
  dwControlKeyState  . . . . . .	 0000000C	 DWord
  dwMousePosition  . . . . . . .	 00000000	 DWord
  dwButtonState  . . . . . . . .	 00000004	 DWord
  dwMouseControlKeyState . . . .	 00000008	 DWord
  dwEventFlags . . . . . . . . .	 0000000C	 DWord
  dwSize . . . . . . . . . . . .	 00000000	 DWord
  dwCommandId  . . . . . . . . .	 00000000	 DWord
  bSetFocus  . . . . . . . . . .	 00000000	 DWord
KEY_EVENT_RECORD . . . . . . . .	 00000010
  bKeyDown . . . . . . . . . . .	 00000000	 DWord
  wRepeatCount . . . . . . . . .	 00000004	 Word
  wVirtualKeyCode  . . . . . . .	 00000006	 Word
  wVirtualScanCode . . . . . . .	 00000008	 Word
  uChar  . . . . . . . . . . . .	 0000000A	 Word
  UnicodeChar  . . . . . . . . .	 00000000	 Word
  AsciiChar  . . . . . . . . . .	 00000000	 Byte
  dwControlKeyState  . . . . . .	 0000000C	 DWord
MENU_EVENT_RECORD  . . . . . . .	 00000004
  dwCommandId  . . . . . . . . .	 00000000	 DWord
MOUSE_EVENT_RECORD . . . . . . .	 00000010
  dwMousePosition  . . . . . . .	 00000000	 DWord
  dwButtonState  . . . . . . . .	 00000004	 DWord
  dwMouseControlKeyState . . . .	 00000008	 DWord
  dwEventFlags . . . . . . . . .	 0000000C	 DWord
SMALL_RECT . . . . . . . . . . .	 00000008
  Left . . . . . . . . . . . . .	 00000000	 Word
  Top  . . . . . . . . . . . . .	 00000002	 Word
  Right  . . . . . . . . . . . .	 00000004	 Word
  Bottom . . . . . . . . . . . .	 00000006	 Word
SYSTEMTIME . . . . . . . . . . .	 00000010
  wYear  . . . . . . . . . . . .	 00000000	 Word
  wMonth . . . . . . . . . . . .	 00000002	 Word
  wDayOfWeek . . . . . . . . . .	 00000004	 Word
  wDay . . . . . . . . . . . . .	 00000006	 Word
  wHour  . . . . . . . . . . . .	 00000008	 Word
  wMinute  . . . . . . . . . . .	 0000000A	 Word
  wSecond  . . . . . . . . . . .	 0000000C	 Word
  wMilliseconds  . . . . . . . .	 0000000E	 Word
WINDOW_BUFFER_SIZE_RECORD  . . .	 00000004
  dwSize . . . . . . . . . . . .	 00000000	 DWord


Segments and Groups:

                N a m e                 Size     Length   Align   Combine Class

FLAT . . . . . . . . . . . . . .	GROUP
STACK  . . . . . . . . . . . . .	32 Bit	 00001000 Para	  Stack	  'STACK'	 
_DATA  . . . . . . . . . . . . .	32 Bit	 00000000 Para	  Public  'DATA'	
_TEXT  . . . . . . . . . . . . .	32 Bit	 000000BF Para	  Public  'CODE'	


Procedures, parameters, and locals:

                N a m e                 Type     Value    Attr

CloseFile  . . . . . . . . . . .	P Near	 00000000 FLAT	Length= 00000000 External STDCALL
CloseHandle  . . . . . . . . . .	P Near	 00000000 FLAT	Length= 00000000 External STDCALL
Clrscr . . . . . . . . . . . . .	P Near	 00000000 FLAT	Length= 00000000 External STDCALL
CreateFileA  . . . . . . . . . .	P Near	 00000000 FLAT	Length= 00000000 External STDCALL
CreateOutputFile . . . . . . . .	P Near	 00000000 FLAT	Length= 00000000 External STDCALL
Crlf . . . . . . . . . . . . . .	P Near	 00000000 FLAT	Length= 00000000 External STDCALL
Delay  . . . . . . . . . . . . .	P Near	 00000000 FLAT	Length= 00000000 External STDCALL
DumpMem  . . . . . . . . . . . .	P Near	 00000000 FLAT	Length= 00000000 External STDCALL
DumpRegs . . . . . . . . . . . .	P Near	 00000000 FLAT	Length= 00000000 External STDCALL
ExitProcess  . . . . . . . . . .	P Near	 00000000 FLAT	Length= 00000000 External STDCALL
FileTimeToDosDateTime  . . . . .	P Near	 00000000 FLAT	Length= 00000000 External STDCALL
FileTimeToSystemTime . . . . . .	P Near	 00000000 FLAT	Length= 00000000 External STDCALL
FlushConsoleInputBuffer  . . . .	P Near	 00000000 FLAT	Length= 00000000 External STDCALL
FormatMessageA . . . . . . . . .	P Near	 00000000 FLAT	Length= 00000000 External STDCALL
GetCommandLineA  . . . . . . . .	P Near	 00000000 FLAT	Length= 00000000 External STDCALL
GetCommandTail . . . . . . . . .	P Near	 00000000 FLAT	Length= 00000000 External STDCALL
GetConsoleCP . . . . . . . . . .	P Near	 00000000 FLAT	Length= 00000000 External STDCALL
GetConsoleCursorInfo . . . . . .	P Near	 00000000 FLAT	Length= 00000000 External STDCALL
GetConsoleMode . . . . . . . . .	P Near	 00000000 FLAT	Length= 00000000 External STDCALL
GetConsoleScreenBufferInfo . . .	P Near	 00000000 FLAT	Length= 00000000 External STDCALL
GetDateTime  . . . . . . . . . .	P Near	 00000000 FLAT	Length= 00000000 External STDCALL
GetFileTime  . . . . . . . . . .	P Near	 00000000 FLAT	Length= 00000000 External STDCALL
GetKeyState  . . . . . . . . . .	P Near	 00000000 FLAT	Length= 00000000 External STDCALL
GetLastError . . . . . . . . . .	P Near	 00000000 FLAT	Length= 00000000 External STDCALL
GetLocalTime . . . . . . . . . .	P Near	 00000000 FLAT	Length= 00000000 External STDCALL
GetMaxXY . . . . . . . . . . . .	P Near	 00000000 FLAT	Length= 00000000 External STDCALL
GetMseconds  . . . . . . . . . .	P Near	 00000000 FLAT	Length= 00000000 External STDCALL
GetNumberOfConsoleInputEvents  .	P Near	 00000000 FLAT	Length= 00000000 External STDCALL
GetProcessHeap . . . . . . . . .	P Near	 00000000 FLAT	Length= 00000000 External STDCALL
GetStdHandle . . . . . . . . . .	P Near	 00000000 FLAT	Length= 00000000 External STDCALL
GetSystemTime  . . . . . . . . .	P Near	 00000000 FLAT	Length= 00000000 External STDCALL
GetTextColor . . . . . . . . . .	P Near	 00000000 FLAT	Length= 00000000 External STDCALL
GetTickCount . . . . . . . . . .	P Near	 00000000 FLAT	Length= 00000000 External STDCALL
Gotoxy . . . . . . . . . . . . .	P Near	 00000000 FLAT	Length= 00000000 External STDCALL
HeapAlloc  . . . . . . . . . . .	P Near	 00000000 FLAT	Length= 00000000 External STDCALL
HeapCreate . . . . . . . . . . .	P Near	 00000000 FLAT	Length= 00000000 External STDCALL
HeapDestroy  . . . . . . . . . .	P Near	 00000000 FLAT	Length= 00000000 External STDCALL
HeapFree . . . . . . . . . . . .	P Near	 00000000 FLAT	Length= 00000000 External STDCALL
HeapSize . . . . . . . . . . . .	P Near	 00000000 FLAT	Length= 00000000 External STDCALL
IsDigit  . . . . . . . . . . . .	P Near	 00000000 FLAT	Length= 00000000 External STDCALL
LocalFree  . . . . . . . . . . .	P Near	 00000000 FLAT	Length= 00000000 External STDCALL
MessageBoxA  . . . . . . . . . .	P Near	 00000000 FLAT	Length= 00000000 External STDCALL
MsgBoxAsk  . . . . . . . . . . .	P Near	 00000000 FLAT	Length= 00000000 External STDCALL
MsgBox . . . . . . . . . . . . .	P Near	 00000000 FLAT	Length= 00000000 External STDCALL
MySample . . . . . . . . . . . .	P Near	 0000001B _TEXT	Length= 0000000E Public STDCALL
  first  . . . . . . . . . . . .	DWord	 bp + 00000008
  second . . . . . . . . . . . .	DWord	 bp + 0000000C
  third  . . . . . . . . . . . .	DWord	 bp + 00000010
OpenInputFile  . . . . . . . . .	P Near	 00000000 FLAT	Length= 00000000 External STDCALL
ParseDecimal32 . . . . . . . . .	P Near	 00000000 FLAT	Length= 00000000 External STDCALL
ParseInteger32 . . . . . . . . .	P Near	 00000000 FLAT	Length= 00000000 External STDCALL
PeekConsoleInputA  . . . . . . .	P Near	 00000000 FLAT	Length= 00000000 External STDCALL
Random32 . . . . . . . . . . . .	P Near	 00000000 FLAT	Length= 00000000 External STDCALL
RandomRange  . . . . . . . . . .	P Near	 00000000 FLAT	Length= 00000000 External STDCALL
Randomize  . . . . . . . . . . .	P Near	 00000000 FLAT	Length= 00000000 External STDCALL
ReadChar . . . . . . . . . . . .	P Near	 00000000 FLAT	Length= 00000000 External STDCALL
ReadConsoleA . . . . . . . . . .	P Near	 00000000 FLAT	Length= 00000000 External STDCALL
ReadConsoleInputA  . . . . . . .	P Near	 00000000 FLAT	Length= 00000000 External STDCALL
ReadDec  . . . . . . . . . . . .	P Near	 00000000 FLAT	Length= 00000000 External STDCALL
ReadFile . . . . . . . . . . . .	P Near	 00000000 FLAT	Length= 00000000 External STDCALL
ReadFloat  . . . . . . . . . . .	P Near	 00000000 FLAT	Length= 00000000 External STDCALL
ReadFromFile . . . . . . . . . .	P Near	 00000000 FLAT	Length= 00000000 External STDCALL
ReadHex  . . . . . . . . . . . .	P Near	 00000000 FLAT	Length= 00000000 External STDCALL
ReadInt  . . . . . . . . . . . .	P Near	 00000000 FLAT	Length= 00000000 External STDCALL
ReadKeyFlush . . . . . . . . . .	P Near	 00000000 FLAT	Length= 00000000 External STDCALL
ReadKey  . . . . . . . . . . . .	P Near	 00000000 FLAT	Length= 00000000 External STDCALL
ReadString . . . . . . . . . . .	P Near	 00000000 FLAT	Length= 00000000 External STDCALL
SetConsoleCursorInfo . . . . . .	P Near	 00000000 FLAT	Length= 00000000 External STDCALL
SetConsoleCursorPosition . . . .	P Near	 00000000 FLAT	Length= 00000000 External STDCALL
SetConsoleMode . . . . . . . . .	P Near	 00000000 FLAT	Length= 00000000 External STDCALL
SetConsoleScreenBufferSize . . .	P Near	 00000000 FLAT	Length= 00000000 External STDCALL
SetConsoleTextAttribute  . . . .	P Near	 00000000 FLAT	Length= 00000000 External STDCALL
SetConsoleTitleA . . . . . . . .	P Near	 00000000 FLAT	Length= 00000000 External STDCALL
SetConsoleWindowInfo . . . . . .	P Near	 00000000 FLAT	Length= 00000000 External STDCALL
SetFilePointer . . . . . . . . .	P Near	 00000000 FLAT	Length= 00000000 External STDCALL
SetLocalTime . . . . . . . . . .	P Near	 00000000 FLAT	Length= 00000000 External STDCALL
SetTextColor . . . . . . . . . .	P Near	 00000000 FLAT	Length= 00000000 External STDCALL
ShowFPUStack . . . . . . . . . .	P Near	 00000000 FLAT	Length= 00000000 External STDCALL
ShowParams . . . . . . . . . . .	P Near	 00000029 _TEXT	Length= 00000096 Public STDCALL
  numParams  . . . . . . . . . .	DWord	 bp + 00000008
  prompt1  . . . . . . . . . . .	Byte	 bp - 00000012
  prompt2  . . . . . . . . . . .	Byte	 bp - 0000001B
  L2 . . . . . . . . . . . . . .	L Near	 00000064 _TEXT	
  L1 . . . . . . . . . . . . . .	L Near	 00000087 _TEXT	
Sleep  . . . . . . . . . . . . .	P Near	 00000000 FLAT	Length= 00000000 External STDCALL
StrLength  . . . . . . . . . . .	P Near	 00000000 FLAT	Length= 00000000 External STDCALL
Str_compare  . . . . . . . . . .	P Near	 00000000 FLAT	Length= 00000000 External STDCALL
Str_copy . . . . . . . . . . . .	P Near	 00000000 FLAT	Length= 00000000 External STDCALL
Str_length . . . . . . . . . . .	P Near	 00000000 FLAT	Length= 00000000 External STDCALL
Str_trim . . . . . . . . . . . .	P Near	 00000000 FLAT	Length= 00000000 External STDCALL
Str_ucase  . . . . . . . . . . .	P Near	 00000000 FLAT	Length= 00000000 External STDCALL
SystemTimeToFileTime . . . . . .	P Near	 00000000 FLAT	Length= 00000000 External STDCALL
WaitMsg  . . . . . . . . . . . .	P Near	 00000000 FLAT	Length= 00000000 External STDCALL
WriteBinB  . . . . . . . . . . .	P Near	 00000000 FLAT	Length= 00000000 External STDCALL
WriteBin . . . . . . . . . . . .	P Near	 00000000 FLAT	Length= 00000000 External STDCALL
WriteChar  . . . . . . . . . . .	P Near	 00000000 FLAT	Length= 00000000 External STDCALL
WriteConsoleA  . . . . . . . . .	P Near	 00000000 FLAT	Length= 00000000 External STDCALL
WriteConsoleOutputAttribute  . .	P Near	 00000000 FLAT	Length= 00000000 External STDCALL
WriteConsoleOutputCharacterA . .	P Near	 00000000 FLAT	Length= 00000000 External STDCALL
WriteDec . . . . . . . . . . . .	P Near	 00000000 FLAT	Length= 00000000 External STDCALL
WriteFile  . . . . . . . . . . .	P Near	 00000000 FLAT	Length= 00000000 External STDCALL
WriteFloat . . . . . . . . . . .	P Near	 00000000 FLAT	Length= 00000000 External STDCALL
WriteHexB  . . . . . . . . . . .	P Near	 00000000 FLAT	Length= 00000000 External STDCALL
WriteHex . . . . . . . . . . . .	P Near	 00000000 FLAT	Length= 00000000 External STDCALL
WriteInt . . . . . . . . . . . .	P Near	 00000000 FLAT	Length= 00000000 External STDCALL
WriteStackFrameName  . . . . . .	P Near	 00000000 FLAT	Length= 00000000 External STDCALL
WriteStackFrame  . . . . . . . .	P Near	 00000000 FLAT	Length= 00000000 External STDCALL
WriteString  . . . . . . . . . .	P Near	 00000000 FLAT	Length= 00000000 External STDCALL
WriteToFile  . . . . . . . . . .	P Near	 00000000 FLAT	Length= 00000000 External STDCALL
WriteWindowsMsg  . . . . . . . .	P Near	 00000000 FLAT	Length= 00000000 External STDCALL
main . . . . . . . . . . . . . .	P Near	 00000000 _TEXT	Length= 0000001B Public STDCALL
printf . . . . . . . . . . . . .	P Near	 00000000 FLAT	Length= 00000000 External C
scanf  . . . . . . . . . . . . .	P Near	 00000000 FLAT	Length= 00000000 External C
wsprintfA  . . . . . . . . . . .	P Near	 00000000 FLAT	Length= 00000000 External C


Symbols:

                N a m e                 Type     Value    Attr

@CodeSize  . . . . . . . . . . .	Number	 00000000h   
@DataSize  . . . . . . . . . . .	Number	 00000000h   
@Interface . . . . . . . . . . .	Number	 00000003h   
@Model . . . . . . . . . . . . .	Number	 00000007h   
@code  . . . . . . . . . . . . .	Text   	 _TEXT
@data  . . . . . . . . . . . . .	Text   	 FLAT
@fardata?  . . . . . . . . . . .	Text   	 FLAT
@fardata . . . . . . . . . . . .	Text   	 FLAT
@stack . . . . . . . . . . . . .	Text   	 FLAT
ALT_MASK . . . . . . . . . . . .	Number	 00000003h   
CAPSLOCK_ON  . . . . . . . . . .	Number	 00000080h   
CREATE_ALWAYS  . . . . . . . . .	Number	 00000002h   
CREATE_NEW . . . . . . . . . . .	Number	 00000001h   
CTRL_MASK  . . . . . . . . . . .	Number	 0000000Ch   
CreateFile . . . . . . . . . . .	Text   	 CreateFileA
DO_NOT_SHARE . . . . . . . . . .	Number	 00000000h   
ENABLE_ECHO_INPUT  . . . . . . .	Number	 00000004h   
ENABLE_LINE_INPUT  . . . . . . .	Number	 00000002h   
ENABLE_MOUSE_INPUT . . . . . . .	Number	 00000010h   
ENABLE_PROCESSED_INPUT . . . . .	Number	 00000001h   
ENABLE_PROCESSED_OUTPUT  . . . .	Number	 00000001h   
ENABLE_WINDOW_INPUT  . . . . . .	Number	 00000008h   
ENABLE_WRAP_AT_EOL_OUTPUT  . . .	Number	 00000002h   
ENHANCED_KEY . . . . . . . . . .	Number	 00000100h   
FALSE  . . . . . . . . . . . . .	Number	 00000000h   
FILE_APPEND_DATA . . . . . . . .	Number	 00000004h   
FILE_ATTRIBUTE_ARCHIVE . . . . .	Number	 00000020h   
FILE_ATTRIBUTE_COMPRESSED  . . .	Number	 00000800h   
FILE_ATTRIBUTE_DEVICE  . . . . .	Number	 00000040h   
FILE_ATTRIBUTE_DIRECTORY . . . .	Number	 00000010h   
FILE_ATTRIBUTE_ENCRYPTED . . . .	Number	 00004000h   
FILE_ATTRIBUTE_HIDDEN  . . . . .	Number	 00000002h   
FILE_ATTRIBUTE_NORMAL  . . . . .	Number	 00000080h   
FILE_ATTRIBUTE_NOT_CONTENT_INDEXED .	Number	 00002000h   
FILE_ATTRIBUTE_OFFLINE . . . . .	Number	 00001000h   
FILE_ATTRIBUTE_READONLY  . . . .	Number	 00000001h   
FILE_ATTRIBUTE_REPARSE_POINT . .	Number	 00000400h   
FILE_ATTRIBUTE_SPARSE_FILE . . .	Number	 00000200h   
FILE_ATTRIBUTE_SYSTEM  . . . . .	Number	 00000004h   
FILE_ATTRIBUTE_TEMPORARY . . . .	Number	 00000100h   
FILE_BEGIN . . . . . . . . . . .	Number	 00000000h   
FILE_CURRENT . . . . . . . . . .	Number	 00000001h   
FILE_DELETE_CHILD  . . . . . . .	Number	 00000040h   
FILE_END . . . . . . . . . . . .	Number	 00000002h   
FILE_READ_DATA . . . . . . . . .	Number	 00000001h   
FILE_SHARE_DELETE  . . . . . . .	Number	 00000004h   
FILE_SHARE_READ  . . . . . . . .	Number	 00000001h   
FILE_SHARE_WRITE . . . . . . . .	Number	 00000002h   
FILE_WRITE_DATA  . . . . . . . .	Number	 00000002h   
FOCUS_EVENT  . . . . . . . . . .	Number	 00000010h   
FORMAT_MESSAGE_ALLOCATE_BUFFER .	Number	 00000100h   
FORMAT_MESSAGE_FROM_SYSTEM . . .	Number	 00001000h   
FormatMessage  . . . . . . . . .	Text   	 FormatMessageA
GENERIC_ALL  . . . . . . . . . .	Number	 10000000h   
GENERIC_EXECUTE  . . . . . . . .	Number	 20000000h   
GENERIC_READ . . . . . . . . . .	Number	 -80000000h   
GENERIC_WRITE  . . . . . . . . .	Number	 40000000h   
GetCommandLine . . . . . . . . .	Text   	 GetCommandLineA
HANDLE . . . . . . . . . . . . .	Text   	 DWORD
HEAP_GENERATE_EXCEPTIONS . . . .	Number	 00000004h   
HEAP_GROWABLE  . . . . . . . . .	Number	 00000002h   
HEAP_NO_SERIALIZE  . . . . . . .	Number	 00000001h   
HEAP_REALLOC_IN_PLACE_ONLY . . .	Number	 00000010h   
HEAP_ZERO_MEMORY . . . . . . . .	Number	 00000008h   
IDABORT  . . . . . . . . . . . .	Number	 00000003h   
IDCANCEL . . . . . . . . . . . .	Number	 00000002h   
IDCLOSE  . . . . . . . . . . . .	Number	 00000008h   
IDCONTINUE . . . . . . . . . . .	Number	 0000000Bh   
IDHELP . . . . . . . . . . . . .	Number	 00000009h   
IDIGNORE . . . . . . . . . . . .	Number	 00000005h   
IDNO . . . . . . . . . . . . . .	Number	 00000007h   
IDOK . . . . . . . . . . . . . .	Number	 00000001h   
IDRETRY  . . . . . . . . . . . .	Number	 00000004h   
IDTIMEOUT  . . . . . . . . . . .	Number	 00007D00h   
IDTRYAGAIN . . . . . . . . . . .	Number	 0000000Ah   
IDYES  . . . . . . . . . . . . .	Number	 00000006h   
INVALID_HANDLE_VALUE . . . . . .	Number	 -00000001h   
KBDOWN_FLAG  . . . . . . . . . .	Number	 00000001h   
KEY_EVENT  . . . . . . . . . . .	Number	 00000001h   
KEY_MASKS  . . . . . . . . . . .	Number	 0000001Fh   
LEFT_ALT_PRESSED . . . . . . . .	Number	 00000002h   
LEFT_CTRL_PRESSED  . . . . . . .	Number	 00000008h   
MB_ABORTRETRYIGNORE  . . . . . .	Number	 00000002h   
MB_APPLMODAL . . . . . . . . . .	Number	 00000000h   
MB_CANCELTRYCONTINUE . . . . . .	Number	 00000006h   
MB_DEFBUTTON1  . . . . . . . . .	Number	 00000000h   
MB_DEFBUTTON2  . . . . . . . . .	Number	 00000100h   
MB_DEFBUTTON3  . . . . . . . . .	Number	 00000200h   
MB_DEFBUTTON4  . . . . . . . . .	Number	 00000300h   
MB_HELP  . . . . . . . . . . . .	Number	 00004000h   
MB_ICONASTERISK  . . . . . . . .	Number	 00000040h   
MB_ICONERROR . . . . . . . . . .	Number	 00000010h   
MB_ICONEXCLAMATION . . . . . . .	Number	 00000030h   
MB_ICONHAND  . . . . . . . . . .	Number	 00000010h   
MB_ICONINFORMATION . . . . . . .	Number	 00000040h   
MB_ICONQUESTION  . . . . . . . .	Number	 00000020h   
MB_ICONSTOP  . . . . . . . . . .	Number	 00000010h   
MB_ICONWARNING . . . . . . . . .	Number	 00000030h   
MB_OKCANCEL  . . . . . . . . . .	Number	 00000001h   
MB_OK  . . . . . . . . . . . . .	Number	 00000000h   
MB_RETRYCANCEL . . . . . . . . .	Number	 00000005h   
MB_SYSTEMMODAL . . . . . . . . .	Number	 00001000h   
MB_TASKMODAL . . . . . . . . . .	Number	 00002000h   
MB_USERICON  . . . . . . . . . .	Number	 00000080h   
MB_YESNOCANCEL . . . . . . . . .	Number	 00000003h   
MB_YESNO . . . . . . . . . . . .	Number	 00000004h   
MENU_EVENT . . . . . . . . . . .	Number	 00000008h   
MOUSE_EVENT  . . . . . . . . . .	Number	 00000002h   
MessageBox . . . . . . . . . . .	Text   	 MessageBoxA
NULL . . . . . . . . . . . . . .	Number	 00000000h   
NUMLOCK_ON . . . . . . . . . . .	Number	 00000020h   
OPEN_ALWAYS  . . . . . . . . . .	Number	 00000004h   
OPEN_EXISTING  . . . . . . . . .	Number	 00000003h   
PeekConsoleInput . . . . . . . .	Text   	 PeekConsoleInputA
RIGHT_ALT_PRESSED  . . . . . . .	Number	 00000001h   
RIGHT_CTRL_PRESSED . . . . . . .	Number	 00000004h   
ReadConsoleInput . . . . . . . .	Text   	 ReadConsoleInputA
ReadConsole  . . . . . . . . . .	Text   	 ReadConsoleA
SCROLLLOCK_ON  . . . . . . . . .	Number	 00000040h   
SHIFT_MASK . . . . . . . . . . .	Number	 00000010h   
SHIFT_PRESSED  . . . . . . . . .	Number	 00000010h   
STD_ERROR_HANDLE . . . . . . . .	Number	 -0000000Ch   
STD_INPUT_HANDLE . . . . . . . .	Number	 -0000000Ah   
STD_OUTPUT_HANDLE  . . . . . . .	Number	 -0000000Bh   
SetConsoleTitle  . . . . . . . .	Text   	 SetConsoleTitleA
TAB  . . . . . . . . . . . . . .	Number	 00000009h   
TRUE . . . . . . . . . . . . . .	Number	 00000001h   
TRUNCATE_EXISTING  . . . . . . .	Number	 00000005h   
VK_11  . . . . . . . . . . . . .	Number	 000000BDh   
VK_12  . . . . . . . . . . . . .	Number	 000000BBh   
VK_ADD . . . . . . . . . . . . .	Number	 0000006Bh   
VK_BACK  . . . . . . . . . . . .	Number	 00000008h   
VK_CANCEL  . . . . . . . . . . .	Number	 00000003h   
VK_CAPITAL . . . . . . . . . . .	Number	 00000014h   
VK_CLEAR . . . . . . . . . . . .	Number	 0000000Ch   
VK_CONTROL . . . . . . . . . . .	Number	 00000011h   
VK_DECIMAL . . . . . . . . . . .	Number	 0000006Eh   
VK_DELETE  . . . . . . . . . . .	Number	 0000002Eh   
VK_DIVIDE  . . . . . . . . . . .	Number	 0000006Fh   
VK_DOWN  . . . . . . . . . . . .	Number	 00000028h   
VK_END . . . . . . . . . . . . .	Number	 00000023h   
VK_ESCAPE  . . . . . . . . . . .	Number	 0000001Bh   
VK_EXECUTE . . . . . . . . . . .	Number	 0000002Bh   
VK_F10 . . . . . . . . . . . . .	Number	 00000079h   
VK_F11 . . . . . . . . . . . . .	Number	 0000007Ah   
VK_F12 . . . . . . . . . . . . .	Number	 0000007Bh   
VK_F13 . . . . . . . . . . . . .	Number	 0000007Ch   
VK_F14 . . . . . . . . . . . . .	Number	 0000007Dh   
VK_F15 . . . . . . . . . . . . .	Number	 0000007Eh   
VK_F16 . . . . . . . . . . . . .	Number	 0000007Fh   
VK_F17 . . . . . . . . . . . . .	Number	 00000080h   
VK_F18 . . . . . . . . . . . . .	Number	 00000081h   
VK_F19 . . . . . . . . . . . . .	Number	 00000082h   
VK_F1  . . . . . . . . . . . . .	Number	 00000070h   
VK_F20 . . . . . . . . . . . . .	Number	 00000083h   
VK_F21 . . . . . . . . . . . . .	Number	 00000084h   
VK_F22 . . . . . . . . . . . . .	Number	 00000085h   
VK_F23 . . . . . . . . . . . . .	Number	 00000086h   
VK_F24 . . . . . . . . . . . . .	Number	 00000087h   
VK_F2  . . . . . . . . . . . . .	Number	 00000071h   
VK_F3  . . . . . . . . . . . . .	Number	 00000072h   
VK_F4  . . . . . . . . . . . . .	Number	 00000073h   
VK_F5  . . . . . . . . . . . . .	Number	 00000074h   
VK_F6  . . . . . . . . . . . . .	Number	 00000075h   
VK_F7  . . . . . . . . . . . . .	Number	 00000076h   
VK_F8  . . . . . . . . . . . . .	Number	 00000077h   
VK_F9  . . . . . . . . . . . . .	Number	 00000078h   
VK_HELP  . . . . . . . . . . . .	Number	 0000002Fh   
VK_HOME  . . . . . . . . . . . .	Number	 00000024h   
VK_INSERT  . . . . . . . . . . .	Number	 0000002Dh   
VK_LBUTTON . . . . . . . . . . .	Number	 00000001h   
VK_LCONTROL  . . . . . . . . . .	Number	 000000A2h   
VK_LEFT  . . . . . . . . . . . .	Number	 00000025h   
VK_LMENU . . . . . . . . . . . .	Number	 000000A4h   
VK_LSHIFT  . . . . . . . . . . .	Number	 000000A0h   
VK_MENU  . . . . . . . . . . . .	Number	 00000012h   
VK_MULTIPLY  . . . . . . . . . .	Number	 0000006Ah   
VK_NEXT  . . . . . . . . . . . .	Number	 00000022h   
VK_NUMLOCK . . . . . . . . . . .	Number	 00000090h   
VK_NUMPAD0 . . . . . . . . . . .	Number	 00000060h   
VK_NUMPAD1 . . . . . . . . . . .	Number	 00000061h   
VK_NUMPAD2 . . . . . . . . . . .	Number	 00000062h   
VK_NUMPAD3 . . . . . . . . . . .	Number	 00000063h   
VK_NUMPAD4 . . . . . . . . . . .	Number	 00000064h   
VK_NUMPAD5 . . . . . . . . . . .	Number	 00000065h   
VK_NUMPAD6 . . . . . . . . . . .	Number	 00000066h   
VK_NUMPAD7 . . . . . . . . . . .	Number	 00000067h   
VK_NUMPAD8 . . . . . . . . . . .	Number	 00000068h   
VK_NUMPAD9 . . . . . . . . . . .	Number	 00000069h   
VK_PAUSE . . . . . . . . . . . .	Number	 00000013h   
VK_PRINT . . . . . . . . . . . .	Number	 0000002Ah   
VK_PRIOR . . . . . . . . . . . .	Number	 00000021h   
VK_RBUTTON . . . . . . . . . . .	Number	 00000002h   
VK_RCONTROL  . . . . . . . . . .	Number	 000000A3h   
VK_RETURN  . . . . . . . . . . .	Number	 0000000Dh   
VK_RIGHT . . . . . . . . . . . .	Number	 00000027h   
VK_RMENU . . . . . . . . . . . .	Number	 000000A5h   
VK_RSHIFT  . . . . . . . . . . .	Number	 000000A1h   
VK_SCROLL  . . . . . . . . . . .	Number	 00000091h   
VK_SEPARATER . . . . . . . . . .	Number	 0000006Ch   
VK_SHIFT . . . . . . . . . . . .	Number	 00000010h   
VK_SNAPSHOT  . . . . . . . . . .	Number	 0000002Ch   
VK_SPACE . . . . . . . . . . . .	Number	 00000020h   
VK_SUBTRACT  . . . . . . . . . .	Number	 0000006Dh   
VK_TAB . . . . . . . . . . . . .	Number	 00000009h   
VK_UP  . . . . . . . . . . . . .	Number	 00000026h   
WINDOW_BUFFER_SIZE_EVENT . . . .	Number	 00000004h   
WriteConsoleOutputCharacter  . .	Text   	 WriteConsoleOutputCharacterA
WriteConsole . . . . . . . . . .	Text   	 WriteConsoleA
black  . . . . . . . . . . . . .	Number	 00000000h   
blue . . . . . . . . . . . . . .	Number	 00000001h   
brown  . . . . . . . . . . . . .	Number	 00000006h   
cyan . . . . . . . . . . . . . .	Number	 00000003h   
exit . . . . . . . . . . . . . .	Text   	 INVOKE ExitProcess,0
gray . . . . . . . . . . . . . .	Number	 00000008h   
green  . . . . . . . . . . . . .	Number	 00000002h   
lightBlue  . . . . . . . . . . .	Number	 00000009h   
lightCyan  . . . . . . . . . . .	Number	 0000000Bh   
lightGray  . . . . . . . . . . .	Number	 00000007h   
lightGreen . . . . . . . . . . .	Number	 0000000Ah   
lightMagenta . . . . . . . . . .	Number	 0000000Dh   
lightRed . . . . . . . . . . . .	Number	 0000000Ch   
magenta  . . . . . . . . . . . .	Number	 00000005h   
paramCount . . . . . . . . . . .	Number	 00000003h   
red  . . . . . . . . . . . . . .	Number	 00000004h   
white  . . . . . . . . . . . . .	Number	 0000000Fh   
wsprintf . . . . . . . . . . . .	Text   	 wsprintfA
yellow . . . . . . . . . . . . .	Number	 0000000Eh   

	   3 Warnings
	   0 Errors
